# JRE version: Java(TM) SE Runtime Environment (8.0_60-b27) (build 1.8.0_60-b27)
# Java VM: Java HotSpot(TM) 64-Bit Server VM (25.60-b23 mixed mode windows-amd64 compressed oops)
Heap:
 PSYoungGen      total 139264K, used 32656K [0x000000076b500000, 0x0000000775900000, 0x00000007c0000000)
  eden space 128512K, 25% used [0x000000076b500000,0x000000076d4e4050,0x0000000773280000)
  from space 10752K, 0% used [0x0000000773280000,0x0000000773280000,0x0000000773d00000)
  to   space 9728K, 0% used [0x0000000774f80000,0x0000000774f80000,0x0000000775900000)
 ParOldGen       total 167424K, used 13971K [0x00000006c1e00000, 0x00000006cc180000, 0x000000076b500000)
  object space 167424K, 8% used [0x00000006c1e00000,0x00000006c2ba4e10,0x00000006cc180000)
 Metaspace       used 38238K, capacity 38482K, committed 38784K, reserved 1083392K
  class space    used 4868K, capacity 4957K, committed 4992K, reserved 1048576K
GC Heap History (10 events):
Event: 2.615 GC heap before
{Heap before GC invocations=3 (full 0):
 PSYoungGen      total 76288K, used 30545K [0x000000076b500000, 0x0000000770a00000, 0x00000007c0000000)
  eden space 65536K, 33% used [0x000000076b500000,0x000000076caa5318,0x000000076f500000)
  from space 10752K, 77% used [0x000000076ff80000,0x00000007707af4d8,0x0000000770a00000)
  to   space 10752K, 0% used [0x000000076f500000,0x000000076f500000,0x000000076ff80000)
 ParOldGen       total 175104K, used 96K [0x00000006c1e00000, 0x00000006cc900000, 0x000000076b500000)
  object space 175104K, 0% used [0x00000006c1e00000,0x00000006c1e18010,0x00000006cc900000)
 Metaspace       used 20959K, capacity 21136K, committed 21296K, reserved 1069056K
  class space    used 2598K, capacity 2684K, committed 2688K, reserved 1048576K
Event: 2.622 GC heap after
Heap after GC invocations=3 (full 0):
 PSYoungGen      total 76288K, used 6724K [0x000000076b500000, 0x0000000774a00000, 0x00000007c0000000)
  eden space 65536K, 0% used [0x000000076b500000,0x000000076b500000,0x000000076f500000)
  from space 10752K, 62% used [0x000000076f500000,0x000000076fb91328,0x000000076ff80000)
  to   space 10752K, 0% used [0x0000000773f80000,0x0000000773f80000,0x0000000774a00000)
 ParOldGen       total 175104K, used 104K [0x00000006c1e00000, 0x00000006cc900000, 0x000000076b500000)
  object space 175104K, 0% used [0x00000006c1e00000,0x00000006c1e1a010,0x00000006cc900000)
 Metaspace       used 20959K, capacity 21136K, committed 21296K, reserved 1069056K
  class space    used 2598K, capacity 2684K, committed 2688K, reserved 1048576K
}
Event: 2.622 GC heap before
{Heap before GC invocations=4 (full 1):
 PSYoungGen      total 76288K, used 6724K [0x000000076b500000, 0x0000000774a00000, 0x00000007c0000000)
  eden space 65536K, 0% used [0x000000076b500000,0x000000076b500000,0x000000076f500000)
  from space 10752K, 62% used [0x000000076f500000,0x000000076fb91328,0x000000076ff80000)
  to   space 10752K, 0% used [0x0000000773f80000,0x0000000773f80000,0x0000000774a00000)
 ParOldGen       total 175104K, used 104K [0x00000006c1e00000, 0x00000006cc900000, 0x000000076b500000)
  object space 175104K, 0% used [0x00000006c1e00000,0x00000006c1e1a010,0x00000006cc900000)
 Metaspace       used 20959K, capacity 21136K, committed 21296K, reserved 1069056K
  class space    used 2598K, capacity 2684K, committed 2688K, reserved 1048576K
Event: 2.650 GC heap after
Heap after GC invocations=4 (full 1):
 PSYoungGen      total 76288K, used 0K [0x000000076b500000, 0x0000000774a00000, 0x00000007c0000000)
  eden space 65536K, 0% used [0x000000076b500000,0x000000076b500000,0x000000076f500000)
  from space 10752K, 0% used [0x000000076f500000,0x000000076f500000,0x000000076ff80000)
  to   space 10752K, 0% used [0x0000000773f80000,0x0000000773f80000,0x0000000774a00000)
 ParOldGen       total 102400K, used 6590K [0x00000006c1e00000, 0x00000006c8200000, 0x000000076b500000)
  object space 102400K, 6% used [0x00000006c1e00000,0x00000006c246f8d8,0x00000006c8200000)
 Metaspace       used 20959K, capacity 21136K, committed 21296K, reserved 1069056K
  class space    used 2598K, capacity 2684K, committed 2688K, reserved 1048576K
}
Event: 4.309 GC heap before
{Heap before GC invocations=5 (full 1):
 PSYoungGen      total 76288K, used 65536K [0x000000076b500000, 0x0000000774a00000, 0x00000007c0000000)
  eden space 65536K, 100% used [0x000000076b500000,0x000000076f500000,0x000000076f500000)
  from space 10752K, 0% used [0x000000076f500000,0x000000076f500000,0x000000076ff80000)
  to   space 10752K, 0% used [0x0000000773f80000,0x0000000773f80000,0x0000000774a00000)
 ParOldGen       total 102400K, used 6590K [0x00000006c1e00000, 0x00000006c8200000, 0x000000076b500000)
  object space 102400K, 6% used [0x00000006c1e00000,0x00000006c246f8d8,0x00000006c8200000)
 Metaspace       used 29187K, capacity 29398K, committed 29696K, reserved 1075200K
  class space    used 3686K, capacity 3773K, committed 3840K, reserved 1048576K
Event: 4.317 GC heap after
Heap after GC invocations=5 (full 1):
 PSYoungGen      total 107008K, used 7783K [0x000000076b500000, 0x0000000774780000, 0x00000007c0000000)
  eden space 98816K, 0% used [0x000000076b500000,0x000000076b500000,0x0000000771580000)
  from space 8192K, 95% used [0x0000000773f80000,0x0000000774719c58,0x0000000774780000)
  to   space 10752K, 0% used [0x0000000773280000,0x0000000773280000,0x0000000773d00000)
 ParOldGen       total 102400K, used 6598K [0x00000006c1e00000, 0x00000006c8200000, 0x000000076b500000)
  object space 102400K, 6% used [0x00000006c1e00000,0x00000006c24718d8,0x00000006c8200000)
 Metaspace       used 29187K, capacity 29398K, committed 29696K, reserved 1075200K
  class space    used 3686K, capacity 3773K, committed 3840K, reserved 1048576K
}
Event: 5.110 GC heap before
{Heap before GC invocations=6 (full 1):
 PSYoungGen      total 107008K, used 74040K [0x000000076b500000, 0x0000000774780000, 0x00000007c0000000)
  eden space 98816K, 67% used [0x000000076b500000,0x000000076f5b4698,0x0000000771580000)
  from space 8192K, 95% used [0x0000000773f80000,0x0000000774719c58,0x0000000774780000)
  to   space 10752K, 0% used [0x0000000773280000,0x0000000773280000,0x0000000773d00000)
 ParOldGen       total 102400K, used 6598K [0x00000006c1e00000, 0x00000006c8200000, 0x000000076b500000)
  object space 102400K, 6% used [0x00000006c1e00000,0x00000006c24718d8,0x00000006c8200000)
 Metaspace       used 35007K, capacity 35174K, committed 35496K, reserved 1081344K
  class space    used 4455K, capacity 4517K, committed 4608K, reserved 1048576K
Event: 5.118 GC heap after
Heap after GC invocations=6 (full 1):
 PSYoungGen      total 139264K, used 9199K [0x000000076b500000, 0x0000000775900000, 0x00000007c0000000)
  eden space 128512K, 0% used [0x000000076b500000,0x000000076b500000,0x0000000773280000)
  from space 10752K, 85% used [0x0000000773280000,0x0000000773b7bfc8,0x0000000773d00000)
  to   space 9728K, 0% used [0x0000000774f80000,0x0000000774f80000,0x0000000775900000)
 ParOldGen       total 102400K, used 6606K [0x00000006c1e00000, 0x00000006c8200000, 0x000000076b500000)
  object space 102400K, 6% used [0x00000006c1e00000,0x00000006c24738d8,0x00000006c8200000)
 Metaspace       used 35007K, capacity 35174K, committed 35496K, reserved 1081344K
  class space    used 4455K, capacity 4517K, committed 4608K, reserved 1048576K
}
Event: 5.118 GC heap before
{Heap before GC invocations=7 (full 2):
 PSYoungGen      total 139264K, used 9199K [0x000000076b500000, 0x0000000775900000, 0x00000007c0000000)
  eden space 128512K, 0% used [0x000000076b500000,0x000000076b500000,0x0000000773280000)
  from space 10752K, 85% used [0x0000000773280000,0x0000000773b7bfc8,0x0000000773d00000)
  to   space 9728K, 0% used [0x0000000774f80000,0x0000000774f80000,0x0000000775900000)
 ParOldGen       total 102400K, used 6606K [0x00000006c1e00000, 0x00000006c8200000, 0x000000076b500000)
  object space 102400K, 6% used [0x00000006c1e00000,0x00000006c24738d8,0x00000006c8200000)
 Metaspace       used 35007K, capacity 35174K, committed 35496K, reserved 1081344K
  class space    used 4455K, capacity 4517K, committed 4608K, reserved 1048576K
Event: 5.171 GC heap after
Heap after GC invocations=7 (full 2):
 PSYoungGen      total 139264K, used 0K [0x000000076b500000, 0x0000000775900000, 0x00000007c0000000)
  eden space 128512K, 0% used [0x000000076b500000,0x000000076b500000,0x0000000773280000)
  from space 10752K, 0% used [0x0000000773280000,0x0000000773280000,0x0000000773d00000)
  to   space 9728K, 0% used [0x0000000774f80000,0x0000000774f80000,0x0000000775900000)
 ParOldGen       total 167424K, used 13971K [0x00000006c1e00000, 0x00000006cc180000, 0x000000076b500000)
  object space 167424K, 8% used [0x00000006c1e00000,0x00000006c2ba4e10,0x00000006cc180000)
 Metaspace       used 35007K, capacity 35174K, committed 35496K, reserved 1081344K
  class space    used 4455K, capacity 4517K, committed 4608K, reserved 1048576K
}

